Using pre-set license
Built from '2020.3/staging' branch; Version is '2020.3.4f1 (0abb6314276a) revision 703331'; Using compiler version '192528614'; Build Type 'Release'
OS: 'Windows 10 Pro; OS build 19044.2130; Version 2009; 64bit' Language: 'cs' Physical Memory: 8157 MB
BatchMode: 1, IsHumanControllingUs: 0, StartBugReporterOnCrash: 0, Is64bit: 1, IsPro: 0

 COMMAND LINE ARGUMENTS:
C:\Program Files\Unity\Hub\Editor\2020.3.4f1\Editor\Unity.exe
-adb2
-batchMode
-noUpm
-name
AssetImportWorker0
-projectPath
G:/Ondra/MATPRAC/WinterFox_project
-logFile
Logs/AssetImportWorker0.log
-srvPort
60965
Successfully changed project path to: G:/Ondra/MATPRAC/WinterFox_project
G:/Ondra/MATPRAC/WinterFox_project
Using Asset Import Pipeline V2.
Refreshing native plugins compatible for Editor in 80.37 ms, found 1 plugins.
Preloading 0 native plugins for Editor in 0.00 ms.
Initialize engine version: 2020.3.4f1 (0abb6314276a)
[Subsystems] Discovering subsystems at path C:/Program Files/Unity/Hub/Editor/2020.3.4f1/Editor/Data/Resources/UnitySubsystems
[Subsystems] Discovering subsystems at path G:/Ondra/MATPRAC/WinterFox_project/Assets
GfxDevice: creating device client; threaded=0
Direct3D:
    Version:  Direct3D 11.0 [level 11.1]
    Renderer: NVIDIA GeForce GTX 1060 3GB (ID=0x1c02)
    Vendor:   
    VRAM:     2988 MB
    Driver:   30.0.15.1179
Initialize mono
Mono path[0] = 'C:/Program Files/Unity/Hub/Editor/2020.3.4f1/Editor/Data/Managed'
Mono path[1] = 'C:/Program Files/Unity/Hub/Editor/2020.3.4f1/Editor/Data/MonoBleedingEdge/lib/mono/unityjit'
Mono config path = 'C:/Program Files/Unity/Hub/Editor/2020.3.4f1/Editor/Data/MonoBleedingEdge/etc'
Using monoOptions --debugger-agent=transport=dt_socket,embedding=1,server=y,suspend=n,address=127.0.0.1:56656
Begin MonoManager ReloadAssembly
Registering precompiled unity dll's ...
Register platform support module: C:/Program Files/Unity/Hub/Editor/2020.3.4f1/Editor/Data/PlaybackEngines/WindowsStandaloneSupport/UnityEditor.WindowsStandalone.Extensions.dll
Registered in 0.005663 seconds.
Native extension for WindowsStandalone target not found
Refreshing native plugins compatible for Editor in 61.13 ms, found 1 plugins.
Preloading 0 native plugins for Editor in 0.00 ms.
Mono: successfully reloaded assembly
- Completed reload, in  2.079 seconds
Platform modules already initialized, skipping
Registering precompiled user dll's ...
Registered in 0.001237 seconds.
Begin MonoManager ReloadAssembly
Native extension for WindowsStandalone target not found
Refreshing native plugins compatible for Editor in 84.47 ms, found 1 plugins.
Preloading 0 native plugins for Editor in 0.00 ms.
Mono: successfully reloaded assembly
- Completed reload, in  2.262 seconds
Platform modules already initialized, skipping
========================================================================
Worker process is ready to serve import requests
Launched and connected shader compiler UnityShaderCompiler.exe after 0.10 seconds
Refreshing native plugins compatible for Editor in 0.61 ms, found 1 plugins.
Preloading 0 native plugins for Editor in 0.00 ms.
Unloading 1981 Unused Serialized files (Serialized files now loaded: 0)
System memory in use before: 92.5 MB.
System memory in use after: 92.6 MB.

Unloading 20 unused Assets to reduce memory usage. Loaded Objects now: 2430.
Total: 4.893600 ms (FindLiveObjects: 0.740100 ms CreateObjectMapping: 0.328200 ms MarkObjects: 3.721600 ms  DeleteObjects: 0.100700 ms)

========================================================================
Received Import Request.
  path: Assets/Scenes/Level_02.unity
  artifactKey: Guid(6575e522a6965d64988aa09505b48dc0) Importer(815301076,1909f56bfc062723c751e8b465ee728b)
Start importing Assets/Scenes/Level_02.unity using Guid(6575e522a6965d64988aa09505b48dc0) Importer(815301076,1909f56bfc062723c751e8b465ee728b)  -> (artifact id: '1ddf34c8a5ccd4213c23f018cf517673') in 0.210526 seconds
  Import took 0.540680 seconds .

========================================================================
Received Import Request.
  Time since last request: 22.087583 seconds.
  path: Assets/Scripts/YouDIED.cs
  artifactKey: Guid(e45475642b28dca4d86205d46feab4e3) Importer(815301076,1909f56bfc062723c751e8b465ee728b)
Start importing Assets/Scripts/YouDIED.cs using Guid(e45475642b28dca4d86205d46feab4e3) Importer(815301076,1909f56bfc062723c751e8b465ee728b)  -> (artifact id: '1b5c4dd1a8ab09fafbfed5397e7a8c4d') in 0.073161 seconds
  Import took 0.078033 seconds .

========================================================================
Received Import Request.
  Time since last request: 307.583667 seconds.
  path: Assets/Scripts/SettingsMenu.cs
  artifactKey: Guid(58df0b53a0fa54c48b3c7a263356c7b6) Importer(815301076,1909f56bfc062723c751e8b465ee728b)
Start importing Assets/Scripts/SettingsMenu.cs using Guid(58df0b53a0fa54c48b3c7a263356c7b6) Importer(815301076,1909f56bfc062723c751e8b465ee728b)  -> (artifact id: '035538c11ef16ee5abb7a45c6c2b33f1') in 0.025247 seconds
  Import took 0.051608 seconds .

========================================================================
Received Import Request.
  Time since last request: 13.442080 seconds.
  path: Assets/Scripts/ThemeMusic.cs
  artifactKey: Guid(032162e7cd1fee14b83954ea11e13065) Importer(815301076,1909f56bfc062723c751e8b465ee728b)
Start importing Assets/Scripts/ThemeMusic.cs using Guid(032162e7cd1fee14b83954ea11e13065) Importer(815301076,1909f56bfc062723c751e8b465ee728b)  -> (artifact id: '55dcabb6339a11f7b9cee5a78999408b') in 0.138121 seconds
  Import took 0.473636 seconds .

========================================================================
Received Import Request.
  Time since last request: 0.745278 seconds.
  path: Assets/Scripts/Sounds.cs
  artifactKey: Guid(dc1d91d5dce230443b4c5fe4d974f58c) Importer(815301076,1909f56bfc062723c751e8b465ee728b)
Start importing Assets/Scripts/Sounds.cs using Guid(dc1d91d5dce230443b4c5fe4d974f58c) Importer(815301076,1909f56bfc062723c751e8b465ee728b)  -> (artifact id: '37cf46397e4387e25cb4779caa0a1422') in 0.011240 seconds
  Import took 0.016391 seconds .

========================================================================
Received Import Request.
  Time since last request: 31.608710 seconds.
  path: Assets/Scripts/WinMenu.cs
  artifactKey: Guid(82353115646b4dc469c2990181fb73c3) Importer(815301076,1909f56bfc062723c751e8b465ee728b)
Start importing Assets/Scripts/WinMenu.cs using Guid(82353115646b4dc469c2990181fb73c3) Importer(815301076,1909f56bfc062723c751e8b465ee728b)  -> (artifact id: 'c30fbc684ea8039d850094cbfe8aec3e') in 0.019357 seconds
  Import took 0.077956 seconds .

========================================================================
Received Import Request.
  Time since last request: 40.408707 seconds.
  path: Assets/Sounds/8bit_theme_music.mp3
  artifactKey: Guid(c8af135a02c18aa448389e0ff2920e64) Importer(815301076,1909f56bfc062723c751e8b465ee728b)
Start importing Assets/Sounds/8bit_theme_music.mp3 using Guid(c8af135a02c18aa448389e0ff2920e64) Importer(815301076,1909f56bfc062723c751e8b465ee728b)  -> (artifact id: 'bb6f8c2c720ddcdaeaac4752a6b12990') in 0.444286 seconds
  Import took 0.463882 seconds .

========================================================================
Received Import Request.
  Time since last request: 0.000245 seconds.
  path: Assets/Sounds/Jump.mp3
  artifactKey: Guid(f7c401b98d8f32b4ab4b93dced8cfead) Importer(815301076,1909f56bfc062723c751e8b465ee728b)
Start importing Assets/Sounds/Jump.mp3 using Guid(f7c401b98d8f32b4ab4b93dced8cfead) Importer(815301076,1909f56bfc062723c751e8b465ee728b)  -> (artifact id: 'baee89ca3c2e7f2d3054048c05cb9b54') in 0.040479 seconds
  Import took 0.045088 seconds .

========================================================================
Received Import Request.
  Time since last request: 0.000275 seconds.
  path: Assets/Sounds/Win.mp3
  artifactKey: Guid(cbed0b888868f8e44b97025dbbcd6c2e) Importer(815301076,1909f56bfc062723c751e8b465ee728b)
Start importing Assets/Sounds/Win.mp3 using Guid(cbed0b888868f8e44b97025dbbcd6c2e) Importer(815301076,1909f56bfc062723c751e8b465ee728b)  -> (artifact id: '656d1ed1c880d046b54bd060bd001ef5') in 0.107952 seconds
  Import took 0.112573 seconds .

========================================================================
Received Import Request.
  Time since last request: 0.000314 seconds.
  path: Assets/Sounds/Collect.mp3
  artifactKey: Guid(7027617e7f0e1e04bb0b005035b1da69) Importer(815301076,1909f56bfc062723c751e8b465ee728b)
Start importing Assets/Sounds/Collect.mp3 using Guid(7027617e7f0e1e04bb0b005035b1da69) Importer(815301076,1909f56bfc062723c751e8b465ee728b)  -> (artifact id: '4edc9643c0dd39f264465d8a62f43f95') in 0.032578 seconds
  Import took 0.057709 seconds .

========================================================================
Received Import Request.
  Time since last request: 0.000258 seconds.
  path: Assets/Sounds/Death.mp3
  artifactKey: Guid(df81b1a7360203f48b45d388821f74fc) Importer(815301076,1909f56bfc062723c751e8b465ee728b)
Start importing Assets/Sounds/Death.mp3 using Guid(df81b1a7360203f48b45d388821f74fc) Importer(815301076,1909f56bfc062723c751e8b465ee728b)  -> (artifact id: '3806a80e7eebeebc4c11f0912f6c84f4') in 0.037723 seconds
  Import took 0.051925 seconds .

========================================================================
Received Import Request.
  Time since last request: 6.837565 seconds.
  path: Assets/Tiles/block.asset
  artifactKey: Guid(2f53d6262b093374cb63eea0e2684e3e) Importer(815301076,1909f56bfc062723c751e8b465ee728b)
Start importing Assets/Tiles/block.asset using Guid(2f53d6262b093374cb63eea0e2684e3e) Importer(815301076,1909f56bfc062723c751e8b465ee728b)  -> (artifact id: '881db55caaea34007db6f3362e662912') in 0.023761 seconds
  Import took 0.045547 seconds .

========================================================================
Received Import Request.
  Time since last request: 0.000366 seconds.
  path: Assets/Tiles/crate.asset
  artifactKey: Guid(00019061ac38d2f4d9a67ce8e18e67c9) Importer(815301076,1909f56bfc062723c751e8b465ee728b)
Start importing Assets/Tiles/crate.asset using Guid(00019061ac38d2f4d9a67ce8e18e67c9) Importer(815301076,1909f56bfc062723c751e8b465ee728b)  -> (artifact id: 'f518655ea4d356ab3127a4ebd062a952') in 0.011751 seconds
  Import took 0.026722 seconds .

========================================================================
Received Import Request.
  Time since last request: 0.000216 seconds.
  path: Assets/Tiles/tileset-sliced_5.asset
  artifactKey: Guid(50fd77fcfce167a4795e7655c17c342a) Importer(815301076,1909f56bfc062723c751e8b465ee728b)
Start importing Assets/Tiles/tileset-sliced_5.asset using Guid(50fd77fcfce167a4795e7655c17c342a) Importer(815301076,1909f56bfc062723c751e8b465ee728b)  -> (artifact id: '1fa9c829cc612dc5c0fc15c723761ce1') in 0.105280 seconds
  Import took 0.109952 seconds .

========================================================================
Received Import Request.
  Time since last request: 0.000212 seconds.
  path: Assets/Tiles/sign.asset
  artifactKey: Guid(a03fe6bbbe233944299c891859e81c03) Importer(815301076,1909f56bfc062723c751e8b465ee728b)
Start importing Assets/Tiles/sign.asset using Guid(a03fe6bbbe233944299c891859e81c03) Importer(815301076,1909f56bfc062723c751e8b465ee728b)  -> (artifact id: '1995bdeffb4bd0861f0556eee367f094') in 0.078331 seconds
  Import took 0.092742 seconds .

========================================================================
Received Import Request.
  Time since last request: 0.000329 seconds.
  path: Assets/Tiles/tileset-sliced_14.asset
  artifactKey: Guid(275394ce2fa294343a94cedbd772cf62) Importer(815301076,1909f56bfc062723c751e8b465ee728b)
Start importing Assets/Tiles/tileset-sliced_14.asset using Guid(275394ce2fa294343a94cedbd772cf62) Importer(815301076,1909f56bfc062723c751e8b465ee728b)  -> (artifact id: '565ed9f25b3da0595d398882d423c5ac') in 0.056293 seconds
  Import took 0.060666 seconds .

========================================================================
Received Import Request.
  Time since last request: 0.000224 seconds.
  path: Assets/Tiles/tileset-sliced_38.asset
  artifactKey: Guid(208712ef79d9cbf4585195b47681e370) Importer(815301076,1909f56bfc062723c751e8b465ee728b)
Start importing Assets/Tiles/tileset-sliced_38.asset using Guid(208712ef79d9cbf4585195b47681e370) Importer(815301076,1909f56bfc062723c751e8b465ee728b)  -> (artifact id: '8e734176f7c0c32a22cb2d81a3098756') in 0.058984 seconds
  Import took 0.064081 seconds .

========================================================================
Received Import Request.
  Time since last request: 0.000218 seconds.
  path: Assets/Tiles/tileset-sliced_47.asset
  artifactKey: Guid(33151bb74b8399e40a9ce3eafb8445f4) Importer(815301076,1909f56bfc062723c751e8b465ee728b)
Start importing Assets/Tiles/tileset-sliced_47.asset using Guid(33151bb74b8399e40a9ce3eafb8445f4) Importer(815301076,1909f56bfc062723c751e8b465ee728b)  -> (artifact id: '1e334ccfa635825a74bf5e35fc7048f9') in 0.052531 seconds
  Import took 0.067485 seconds .

========================================================================
Received Import Request.
  Time since last request: 0.000231 seconds.
  path: Assets/Tiles/tileset-sliced_42.asset
  artifactKey: Guid(e442ab01978400c41b0c4611d0a2af00) Importer(815301076,1909f56bfc062723c751e8b465ee728b)
Start importing Assets/Tiles/tileset-sliced_42.asset using Guid(e442ab01978400c41b0c4611d0a2af00) Importer(815301076,1909f56bfc062723c751e8b465ee728b)  -> (artifact id: '0e102996ca179909d6e698fa164c370b') in 0.062226 seconds
  Import took 0.066320 seconds .

========================================================================
Received Import Request.
  Time since last request: 0.000214 seconds.
  path: Assets/Tiles/tileset-sliced_35.asset
  artifactKey: Guid(f1daa67711e3bb84b896410c198a4ccd) Importer(815301076,1909f56bfc062723c751e8b465ee728b)
Start importing Assets/Tiles/tileset-sliced_35.asset using Guid(f1daa67711e3bb84b896410c198a4ccd) Importer(815301076,1909f56bfc062723c751e8b465ee728b)  -> (artifact id: 'cb04f414192ce882b4b36daec0b966b9') in 0.049674 seconds
  Import took 0.054010 seconds .

========================================================================
Received Import Request.
  Time since last request: 0.000204 seconds.
  path: Assets/Tiles/tileset-sliced_45.asset
  artifactKey: Guid(94c1dc8345dd4b04588f89c4ffbf2cdc) Importer(815301076,1909f56bfc062723c751e8b465ee728b)
Start importing Assets/Tiles/tileset-sliced_45.asset using Guid(94c1dc8345dd4b04588f89c4ffbf2cdc) Importer(815301076,1909f56bfc062723c751e8b465ee728b)  -> (artifact id: 'd088a3e1fbd6af9c78ead721368a69de') in 0.054621 seconds
  Import took 0.078216 seconds .

========================================================================
Received Import Request.
  Time since last request: 0.000276 seconds.
  path: Assets/Tiles/tileset-sliced_28.asset
  artifactKey: Guid(9ee905bb7bab0e54c9c98fcd8328d2e9) Importer(815301076,1909f56bfc062723c751e8b465ee728b)
Start importing Assets/Tiles/tileset-sliced_28.asset using Guid(9ee905bb7bab0e54c9c98fcd8328d2e9) Importer(815301076,1909f56bfc062723c751e8b465ee728b)  -> (artifact id: 'e12bebd799cc9634c96d620f6446020e') in 0.064117 seconds
  Import took 0.068252 seconds .

========================================================================
Received Import Request.
  Time since last request: 0.000206 seconds.
  path: Assets/Tiles/tileset-sliced_15.asset
  artifactKey: Guid(bc7baf385950c61458b2a80a1e26ca5f) Importer(815301076,1909f56bfc062723c751e8b465ee728b)
Start importing Assets/Tiles/tileset-sliced_15.asset using Guid(bc7baf385950c61458b2a80a1e26ca5f) Importer(815301076,1909f56bfc062723c751e8b465ee728b)  -> (artifact id: 'c11c978d7cb69fc68154446ef91b9d9b') in 0.049935 seconds
  Import took 0.078755 seconds .

========================================================================
Received Import Request.
  Time since last request: 0.000226 seconds.
  path: Assets/Tiles/tileset-sliced_16.asset
  artifactKey: Guid(a2b064fde5015af49ad1fcd72b7c772e) Importer(815301076,1909f56bfc062723c751e8b465ee728b)
Start importing Assets/Tiles/tileset-sliced_16.asset using Guid(a2b064fde5015af49ad1fcd72b7c772e) Importer(815301076,1909f56bfc062723c751e8b465ee728b)  -> (artifact id: 'aabae6dbcadbc9d64c23751f16d3f693') in 0.064446 seconds
  Import took 0.100016 seconds .

========================================================================
Received Import Request.
  Time since last request: 0.000282 seconds.
  path: Assets/Tiles/tileset-sliced_43.asset
  artifactKey: Guid(22a5a78cefb75624bbb5226443d7857a) Importer(815301076,1909f56bfc062723c751e8b465ee728b)
Start importing Assets/Tiles/tileset-sliced_43.asset using Guid(22a5a78cefb75624bbb5226443d7857a) Importer(815301076,1909f56bfc062723c751e8b465ee728b)  -> (artifact id: 'ac539c11b9b8af10bf3d4654e3c32d7f') in 0.049424 seconds
  Import took 0.074897 seconds .

========================================================================
Received Import Request.
  Time since last request: 0.000342 seconds.
  path: Assets/Tiles/tileset-sliced_20.asset
  artifactKey: Guid(fef7c7105931a1644869a9047c97d9fe) Importer(815301076,1909f56bfc062723c751e8b465ee728b)
Start importing Assets/Tiles/tileset-sliced_20.asset using Guid(fef7c7105931a1644869a9047c97d9fe) Importer(815301076,1909f56bfc062723c751e8b465ee728b)  -> (artifact id: '9458ff3ae421d634df0947f3f83c33f3') in 0.053639 seconds
  Import took 0.067613 seconds .

========================================================================
Received Import Request.
  Time since last request: 0.000220 seconds.
  path: Assets/Tiles/tileset-sliced_1.asset
  artifactKey: Guid(7edadb84ee903d14d9600a7e184d17ac) Importer(815301076,1909f56bfc062723c751e8b465ee728b)
Start importing Assets/Tiles/tileset-sliced_1.asset using Guid(7edadb84ee903d14d9600a7e184d17ac) Importer(815301076,1909f56bfc062723c751e8b465ee728b)  -> (artifact id: 'bdd8096eb4700c72ca21265ebfaa1015') in 0.057829 seconds
  Import took 0.077777 seconds .

========================================================================
Received Import Request.
  Time since last request: 0.000317 seconds.
  path: Assets/Tiles/tileset-sliced_31.asset
  artifactKey: Guid(c7ec9d9765665a34b86b180d19847af9) Importer(815301076,1909f56bfc062723c751e8b465ee728b)
Start importing Assets/Tiles/tileset-sliced_31.asset using Guid(c7ec9d9765665a34b86b180d19847af9) Importer(815301076,1909f56bfc062723c751e8b465ee728b)  -> (artifact id: 'f4d312655963ebc1850ad857cd98622b') in 0.051487 seconds
  Import took 0.055296 seconds .

========================================================================
Received Import Request.
  Time since last request: 0.000315 seconds.
  path: Assets/Tiles/rock.asset
  artifactKey: Guid(0747689090405864ea65f4dc253a68fe) Importer(815301076,1909f56bfc062723c751e8b465ee728b)
Start importing Assets/Tiles/rock.asset using Guid(0747689090405864ea65f4dc253a68fe) Importer(815301076,1909f56bfc062723c751e8b465ee728b)  -> (artifact id: 'bea4441f5198bf2fdb99222913cbbafb') in 0.088819 seconds
  Import took 0.148022 seconds .

========================================================================
Received Import Request.
  Time since last request: 0.000331 seconds.
  path: Assets/Tiles/tileset-sliced_12.asset
  artifactKey: Guid(304a0636a6d418949993b8ae0b46570a) Importer(815301076,1909f56bfc062723c751e8b465ee728b)
Start importing Assets/Tiles/tileset-sliced_12.asset using Guid(304a0636a6d418949993b8ae0b46570a) Importer(815301076,1909f56bfc062723c751e8b465ee728b)  -> (artifact id: '6ee7a7e9abf6462b35e2dc0a98275cfd') in 0.057561 seconds
  Import took 0.061817 seconds .

========================================================================
Received Import Request.
  Time since last request: 0.000277 seconds.
  path: Assets/Tiles/tileset-sliced_8.asset
  artifactKey: Guid(ef2ad66422451c745a448802e570f059) Importer(815301076,1909f56bfc062723c751e8b465ee728b)
Start importing Assets/Tiles/tileset-sliced_8.asset using Guid(ef2ad66422451c745a448802e570f059) Importer(815301076,1909f56bfc062723c751e8b465ee728b)  -> (artifact id: 'bc3d959ae35699586504ce4750d4eace') in 0.054216 seconds
  Import took 0.057355 seconds .

========================================================================
Received Import Request.
  Time since last request: 0.000325 seconds.
  path: Assets/Tiles/house.asset
  artifactKey: Guid(a1ed4ce41e172404cad0f39589e8fa8b) Importer(815301076,1909f56bfc062723c751e8b465ee728b)
Start importing Assets/Tiles/house.asset using Guid(a1ed4ce41e172404cad0f39589e8fa8b) Importer(815301076,1909f56bfc062723c751e8b465ee728b)  -> (artifact id: '69feb2afe659430586151df61288866d') in 0.056702 seconds
  Import took 0.081895 seconds .

========================================================================
Received Import Request.
  Time since last request: 0.000237 seconds.
  path: Assets/Tiles/spikes.asset
  artifactKey: Guid(5b8b30135e71d884b9ec078ce5a610ea) Importer(815301076,1909f56bfc062723c751e8b465ee728b)
Start importing Assets/Tiles/spikes.asset using Guid(5b8b30135e71d884b9ec078ce5a610ea) Importer(815301076,1909f56bfc062723c751e8b465ee728b)  -> (artifact id: '4b1e82fe02c4441f0ead88d2a35ef83b') in 0.072850 seconds
  Import took 0.076930 seconds .

========================================================================
Received Import Request.
  Time since last request: 0.000235 seconds.
  path: Assets/Tiles/tileset-sliced_41.asset
  artifactKey: Guid(5bd04b43b1834554c8b2d0a14dafde13) Importer(815301076,1909f56bfc062723c751e8b465ee728b)
Start importing Assets/Tiles/tileset-sliced_41.asset using Guid(5bd04b43b1834554c8b2d0a14dafde13) Importer(815301076,1909f56bfc062723c751e8b465ee728b)  -> (artifact id: 'c42323630f72af43cb65da00717bfc88') in 0.060112 seconds
  Import took 0.064396 seconds .

========================================================================
Received Import Request.
  Time since last request: 0.000289 seconds.
  path: Assets/Tiles/tileset-sliced_18.asset
  artifactKey: Guid(c5af7bfb8e42edc4b870e51e33ba1baf) Importer(815301076,1909f56bfc062723c751e8b465ee728b)
Start importing Assets/Tiles/tileset-sliced_18.asset using Guid(c5af7bfb8e42edc4b870e51e33ba1baf) Importer(815301076,1909f56bfc062723c751e8b465ee728b)  -> (artifact id: 'cf42ebca1d49db34415937b3d83009d8') in 0.063076 seconds
  Import took 0.066943 seconds .

========================================================================
Received Import Request.
  Time since last request: 0.000195 seconds.
  path: Assets/Tiles/tileset-sliced_26.asset
  artifactKey: Guid(ae27bcf1e7e34ad46b7db04413862ffe) Importer(815301076,1909f56bfc062723c751e8b465ee728b)
Start importing Assets/Tiles/tileset-sliced_26.asset using Guid(ae27bcf1e7e34ad46b7db04413862ffe) Importer(815301076,1909f56bfc062723c751e8b465ee728b)  -> (artifact id: 'f97bb33b675c75ef6a9cbffd9d6b1eb4') in 0.056754 seconds
  Import took 0.060574 seconds .

========================================================================
Received Import Request.
  Time since last request: 0.000207 seconds.
  path: Assets/Tiles/tileset-sliced_13.asset
  artifactKey: Guid(6a00f217fb030414ca0d02155cba33d3) Importer(815301076,1909f56bfc062723c751e8b465ee728b)
Start importing Assets/Tiles/tileset-sliced_13.asset using Guid(6a00f217fb030414ca0d02155cba33d3) Importer(815301076,1909f56bfc062723c751e8b465ee728b)  -> (artifact id: 'e5c448319c802ab58bd7669d21e1d36b') in 0.056404 seconds
  Import took 0.059864 seconds .

========================================================================
Received Import Request.
  Time since last request: 0.000204 seconds.
  path: Assets/Tiles/tileset-sliced_37.asset
  artifactKey: Guid(2009c5461021ee340a5414920b8f4048) Importer(815301076,1909f56bfc062723c751e8b465ee728b)
Start importing Assets/Tiles/tileset-sliced_37.asset using Guid(2009c5461021ee340a5414920b8f4048) Importer(815301076,1909f56bfc062723c751e8b465ee728b)  -> (artifact id: 'eedc516f6ba82eb78b68b749ec035810') in 0.056792 seconds
  Import took 0.082652 seconds .

========================================================================
Received Import Request.
  Time since last request: 0.000252 seconds.
  path: Assets/Tiles/tileset-sliced_9.asset
  artifactKey: Guid(206f864375b0472438a0548b50d52ee5) Importer(815301076,1909f56bfc062723c751e8b465ee728b)
Start importing Assets/Tiles/tileset-sliced_9.asset using Guid(206f864375b0472438a0548b50d52ee5) Importer(815301076,1909f56bfc062723c751e8b465ee728b)  -> (artifact id: '63566920f4908743fdf47746bec7e8f1') in 0.055286 seconds
  Import took 0.059298 seconds .

========================================================================
Received Import Request.
  Time since last request: 0.000256 seconds.
  path: Assets/Tiles/tileset-sliced_3.asset
  artifactKey: Guid(2e0af688c1efe6b499e6c2ffdb6c97b6) Importer(815301076,1909f56bfc062723c751e8b465ee728b)
Start importing Assets/Tiles/tileset-sliced_3.asset using Guid(2e0af688c1efe6b499e6c2ffdb6c97b6) Importer(815301076,1909f56bfc062723c751e8b465ee728b)  -> (artifact id: '307ea0106ae35c7e65bb1465facc7fa7') in 0.059917 seconds
  Import took 0.073267 seconds .

========================================================================
Received Import Request.
  Time since last request: 0.000895 seconds.
  path: Assets/Tiles/tileset-sliced_22.asset
  artifactKey: Guid(3279e4fc78f01ca4daba689adcd3804b) Importer(815301076,1909f56bfc062723c751e8b465ee728b)
Start importing Assets/Tiles/tileset-sliced_22.asset using Guid(3279e4fc78f01ca4daba689adcd3804b) Importer(815301076,1909f56bfc062723c751e8b465ee728b)  -> (artifact id: '4688b1527432f1925b657e4d1bc868b8') in 0.087192 seconds
  Import took 0.091220 seconds .

========================================================================
Received Import Request.
  Time since last request: 0.000224 seconds.
  path: Assets/Tiles/tileset-sliced_17.asset
  artifactKey: Guid(a8d599e53bf532241bebd74979a8b766) Importer(815301076,1909f56bfc062723c751e8b465ee728b)
Start importing Assets/Tiles/tileset-sliced_17.asset using Guid(a8d599e53bf532241bebd74979a8b766) Importer(815301076,1909f56bfc062723c751e8b465ee728b)  -> (artifact id: '376326c5ff4a27974a590ed688883eb5') in 0.057001 seconds
  Import took 0.088700 seconds .

========================================================================
Received Import Request.
  Time since last request: 0.000286 seconds.
  path: Assets/Tiles/tileset-sliced_40.asset
  artifactKey: Guid(0f87bc5e6204ead43abebfc1babf2d96) Importer(815301076,1909f56bfc062723c751e8b465ee728b)
Start importing Assets/Tiles/tileset-sliced_40.asset using Guid(0f87bc5e6204ead43abebfc1babf2d96) Importer(815301076,1909f56bfc062723c751e8b465ee728b)  -> (artifact id: '3b5fe496d65ef93e57d69e3108be058f') in 0.050072 seconds
  Import took 0.054050 seconds .

========================================================================
Received Import Request.
  Time since last request: 0.000264 seconds.
  path: Assets/Tiles/tileset-sliced_23.asset
  artifactKey: Guid(782ea13ab10aa1c4ca893f96072f81f1) Importer(815301076,1909f56bfc062723c751e8b465ee728b)
Start importing Assets/Tiles/tileset-sliced_23.asset using Guid(782ea13ab10aa1c4ca893f96072f81f1) Importer(815301076,1909f56bfc062723c751e8b465ee728b)  -> (artifact id: '4c570af9bacb31f3480062e768cee9b7') in 0.056552 seconds
  Import took 0.099709 seconds .

========================================================================
Received Import Request.
  Time since last request: 0.000225 seconds.
  path: Assets/Tiles/shrooms.asset
  artifactKey: Guid(24691b3b49da46c4c805f289860f1f9b) Importer(815301076,1909f56bfc062723c751e8b465ee728b)
Start importing Assets/Tiles/shrooms.asset using Guid(24691b3b49da46c4c805f289860f1f9b) Importer(815301076,1909f56bfc062723c751e8b465ee728b)  -> (artifact id: '2c9576b25bf663db9f741b6d0e26d72b') in 0.093527 seconds
  Import took 0.113610 seconds .

========================================================================
Received Import Request.
  Time since last request: 0.000273 seconds.
  path: Assets/Tiles/tileset-sliced_10.asset
  artifactKey: Guid(266f352269d761d4c82421caa94559ae) Importer(815301076,1909f56bfc062723c751e8b465ee728b)
Start importing Assets/Tiles/tileset-sliced_10.asset using Guid(266f352269d761d4c82421caa94559ae) Importer(815301076,1909f56bfc062723c751e8b465ee728b)  -> (artifact id: 'c2cb569d39e92ec790d960d615bcdeec') in 0.068343 seconds
  Import took 0.085892 seconds .

========================================================================
Received Import Request.
  Time since last request: 0.000246 seconds.
  path: Assets/Tiles/tileset-sliced_21.asset
  artifactKey: Guid(bec5a5c5b1415a64ebdeaa98539cc47d) Importer(815301076,1909f56bfc062723c751e8b465ee728b)
Start importing Assets/Tiles/tileset-sliced_21.asset using Guid(bec5a5c5b1415a64ebdeaa98539cc47d) Importer(815301076,1909f56bfc062723c751e8b465ee728b)  -> (artifact id: 'bd231ffb1b76689df6e05f8289eb37a8') in 0.069140 seconds
  Import took 0.072755 seconds .

========================================================================
Received Import Request.
  Time since last request: 0.000456 seconds.
  path: Assets/Tiles/tileset-sliced_32.asset
  artifactKey: Guid(f0b58bdeb2a1af7428d40177478e0c81) Importer(815301076,1909f56bfc062723c751e8b465ee728b)
Start importing Assets/Tiles/tileset-sliced_32.asset using Guid(f0b58bdeb2a1af7428d40177478e0c81) Importer(815301076,1909f56bfc062723c751e8b465ee728b)  -> (artifact id: 'b3bc354b0e5994dcdf9135c348a721e9') in 0.058169 seconds
  Import took 0.099592 seconds .

========================================================================
Received Import Request.
  Time since last request: 0.000249 seconds.
  path: Assets/Tiles/tileset-sliced_2.asset
  artifactKey: Guid(f2119a2d9401ee44baa7e00deaf883f2) Importer(815301076,1909f56bfc062723c751e8b465ee728b)
Start importing Assets/Tiles/tileset-sliced_2.asset using Guid(f2119a2d9401ee44baa7e00deaf883f2) Importer(815301076,1909f56bfc062723c751e8b465ee728b)  -> (artifact id: 'a395f34428d2baabb9af7f428e679fe5') in 0.049220 seconds
  Import took 0.070534 seconds .

========================================================================
Received Import Request.
  Time since last request: 0.000242 seconds.
  path: Assets/Tiles/tileset-sliced_29.asset
  artifactKey: Guid(ab3c3cd7e381aae4ea5781710944c12f) Importer(815301076,1909f56bfc062723c751e8b465ee728b)
Start importing Assets/Tiles/tileset-sliced_29.asset using Guid(ab3c3cd7e381aae4ea5781710944c12f) Importer(815301076,1909f56bfc062723c751e8b465ee728b)  -> (artifact id: 'b887ec0cf91150346ae18ca41401ee6a') in 0.055809 seconds
  Import took 0.059706 seconds .

========================================================================
Received Import Request.
  Time since last request: 0.000260 seconds.
  path: Assets/Tiles/small-platform.asset
  artifactKey: Guid(457ed685c6d85ae4cad685d0fb174f53) Importer(815301076,1909f56bfc062723c751e8b465ee728b)
Start importing Assets/Tiles/small-platform.asset using Guid(457ed685c6d85ae4cad685d0fb174f53) Importer(815301076,1909f56bfc062723c751e8b465ee728b)  -> (artifact id: '963346c348c36929637b2ede30b1daeb') in 0.012985 seconds
  Import took 0.040319 seconds .

========================================================================
Received Import Request.
  Time since last request: 0.000212 seconds.
  path: Assets/Tiles/bush.asset
  artifactKey: Guid(3b76b5f3b42164b47abb16cb163c488c) Importer(815301076,1909f56bfc062723c751e8b465ee728b)
Start importing Assets/Tiles/bush.asset using Guid(3b76b5f3b42164b47abb16cb163c488c) Importer(815301076,1909f56bfc062723c751e8b465ee728b)  -> (artifact id: '091d6b44199d6f17c39b2f8335911ec1') in 0.022057 seconds
  Import took 0.047211 seconds .

========================================================================
Received Import Request.
  Time since last request: 0.000203 seconds.
  path: Assets/Tiles/tileset-sliced_30.asset
  artifactKey: Guid(c85a3cb88912bb34ba85b8530b7fe243) Importer(815301076,1909f56bfc062723c751e8b465ee728b)
Start importing Assets/Tiles/tileset-sliced_30.asset using Guid(c85a3cb88912bb34ba85b8530b7fe243) Importer(815301076,1909f56bfc062723c751e8b465ee728b)  -> (artifact id: 'a9a7e506cb9acf347f12a01f1f206921') in 0.051592 seconds
  Import took 0.056034 seconds .

========================================================================
Received Import Request.
  Time since last request: 0.000229 seconds.
  path: Assets/Tiles/tileset-sliced_7.asset
  artifactKey: Guid(d8897be6ff3dc8e4b862fdf45617557f) Importer(815301076,1909f56bfc062723c751e8b465ee728b)
Start importing Assets/Tiles/tileset-sliced_7.asset using Guid(d8897be6ff3dc8e4b862fdf45617557f) Importer(815301076,1909f56bfc062723c751e8b465ee728b)  -> (artifact id: 'd5e8ff16d01f05116f58228b46ba89f4') in 0.044702 seconds
  Import took 0.048374 seconds .

========================================================================
Received Import Request.
  Time since last request: 0.000207 seconds.
  path: Assets/Tiles/tileset-sliced_19.asset
  artifactKey: Guid(05dcce548460a694fad1c0868cc2a405) Importer(815301076,1909f56bfc062723c751e8b465ee728b)
Start importing Assets/Tiles/tileset-sliced_19.asset using Guid(05dcce548460a694fad1c0868cc2a405) Importer(815301076,1909f56bfc062723c751e8b465ee728b)  -> (artifact id: '84fe731d6a76058795906b21dfb531c6') in 0.044892 seconds
  Import took 0.049673 seconds .

========================================================================
Received Import Request.
  Time since last request: 0.000202 seconds.
  path: Assets/Tiles/tileset-sliced_11.asset
  artifactKey: Guid(d0c26e458e9f4a440a573bc69afffe79) Importer(815301076,1909f56bfc062723c751e8b465ee728b)
Start importing Assets/Tiles/tileset-sliced_11.asset using Guid(d0c26e458e9f4a440a573bc69afffe79) Importer(815301076,1909f56bfc062723c751e8b465ee728b)  -> (artifact id: 'abee2cb9fa6fc5332599d1930b6ef233') in 0.045278 seconds
  Import took 0.048617 seconds .

========================================================================
Received Import Request.
  Time since last request: 0.000197 seconds.
  path: Assets/Tiles/tileset-sliced_36.asset
  artifactKey: Guid(eb189cada5f55e0409505606a659bb47) Importer(815301076,1909f56bfc062723c751e8b465ee728b)
Start importing Assets/Tiles/tileset-sliced_36.asset using Guid(eb189cada5f55e0409505606a659bb47) Importer(815301076,1909f56bfc062723c751e8b465ee728b)  -> (artifact id: '1db33372715ad650297868267717bf31') in 0.043044 seconds
  Import took 0.047032 seconds .

========================================================================
Received Import Request.
  Time since last request: 0.000201 seconds.
  path: Assets/Tiles/tileset-sliced_46.asset
  artifactKey: Guid(53f06d6f540f0524d9cd2ec954a908d9) Importer(815301076,1909f56bfc062723c751e8b465ee728b)
Start importing Assets/Tiles/tileset-sliced_46.asset using Guid(53f06d6f540f0524d9cd2ec954a908d9) Importer(815301076,1909f56bfc062723c751e8b465ee728b)  -> (artifact id: '9aca7a7a7df39689e14b997cbf35b083') in 0.046619 seconds
  Import took 0.050174 seconds .

========================================================================
Received Import Request.
  Time since last request: 0.000189 seconds.
  path: Assets/Tiles/tileset-sliced_33.asset
  artifactKey: Guid(b2bbe780d0b1b57408171d0b92236ff4) Importer(815301076,1909f56bfc062723c751e8b465ee728b)
Start importing Assets/Tiles/tileset-sliced_33.asset using Guid(b2bbe780d0b1b57408171d0b92236ff4) Importer(815301076,1909f56bfc062723c751e8b465ee728b)  -> (artifact id: '08fcead5d981195e6f6cb2868c45fc2c') in 0.048981 seconds
  Import took 0.054219 seconds .

========================================================================
Received Import Request.
  Time since last request: 0.000332 seconds.
  path: Assets/Tiles/tileset-sliced_27.asset
  artifactKey: Guid(e3a8febb896b2cb4ba466499ad23e5bb) Importer(815301076,1909f56bfc062723c751e8b465ee728b)
Start importing Assets/Tiles/tileset-sliced_27.asset using Guid(e3a8febb896b2cb4ba466499ad23e5bb) Importer(815301076,1909f56bfc062723c751e8b465ee728b)  -> (artifact id: '788e4c4b3cb31c0d9b3eeee0c4373072') in 0.051944 seconds
  Import took 0.056487 seconds .

========================================================================
Received Import Request.
  Time since last request: 0.000202 seconds.
  path: Assets/Tiles/tileset-sliced_0.asset
  artifactKey: Guid(65b1052fb426ad345968beab52a24760) Importer(815301076,1909f56bfc062723c751e8b465ee728b)
Start importing Assets/Tiles/tileset-sliced_0.asset using Guid(65b1052fb426ad345968beab52a24760) Importer(815301076,1909f56bfc062723c751e8b465ee728b)  -> (artifact id: '5240c021d15dc0868470d2283fc9c8e4') in 0.047623 seconds
  Import took 0.069641 seconds .

========================================================================
Received Import Request.
  Time since last request: 0.000199 seconds.
  path: Assets/Tiles/tileset-sliced_6.asset
  artifactKey: Guid(7b2bd1bbdec40654b88b1cdc38f81d01) Importer(815301076,1909f56bfc062723c751e8b465ee728b)
Start importing Assets/Tiles/tileset-sliced_6.asset using Guid(7b2bd1bbdec40654b88b1cdc38f81d01) Importer(815301076,1909f56bfc062723c751e8b465ee728b)  -> (artifact id: '724e47ee5cb049e44bc1d0b2483c4f10') in 0.057034 seconds
  Import took 0.060921 seconds .

========================================================================
Received Import Request.
  Time since last request: 0.000204 seconds.
  path: Assets/Tiles/tileset-sliced_4.asset
  artifactKey: Guid(6d685649602d24d4b9e174a793d597e3) Importer(815301076,1909f56bfc062723c751e8b465ee728b)
Start importing Assets/Tiles/tileset-sliced_4.asset using Guid(6d685649602d24d4b9e174a793d597e3) Importer(815301076,1909f56bfc062723c751e8b465ee728b)  -> (artifact id: 'fe1a1cae57d5587ea772c867d691deeb') in 0.056829 seconds
  Import took 0.078616 seconds .

========================================================================
Received Import Request.
  Time since last request: 0.000217 seconds.
  path: Assets/Tiles/tileset-sliced_24.asset
  artifactKey: Guid(b8f49b2dd62caaa49942a56cf0e243c7) Importer(815301076,1909f56bfc062723c751e8b465ee728b)
Start importing Assets/Tiles/tileset-sliced_24.asset using Guid(b8f49b2dd62caaa49942a56cf0e243c7) Importer(815301076,1909f56bfc062723c751e8b465ee728b)  -> (artifact id: '173dde1396370462942a3b9707cb06cd') in 0.059380 seconds
  Import took 0.097420 seconds .

========================================================================
Received Import Request.
  Time since last request: 0.000290 seconds.
  path: Assets/Tiles/tileset-sliced_44.asset
  artifactKey: Guid(5ef04f93e77744c44becae976786e4e4) Importer(815301076,1909f56bfc062723c751e8b465ee728b)
Start importing Assets/Tiles/tileset-sliced_44.asset using Guid(5ef04f93e77744c44becae976786e4e4) Importer(815301076,1909f56bfc062723c751e8b465ee728b)  -> (artifact id: '81ec99847d238c4fae982d1486493a5f') in 0.048042 seconds
  Import took 0.052482 seconds .

========================================================================
Received Import Request.
  Time since last request: 0.000289 seconds.
  path: Assets/Tiles/tileset-sliced_39.asset
  artifactKey: Guid(f56d3d28b3696d6409f775968ae624a1) Importer(815301076,1909f56bfc062723c751e8b465ee728b)
Start importing Assets/Tiles/tileset-sliced_39.asset using Guid(f56d3d28b3696d6409f775968ae624a1) Importer(815301076,1909f56bfc062723c751e8b465ee728b)  -> (artifact id: '97659fb535f5e4043994a8c517dab14b') in 0.062146 seconds
  Import took 0.066002 seconds .

========================================================================
Received Import Request.
  Time since last request: 0.000201 seconds.
  path: Assets/Tiles/tileset-sliced_34.asset
  artifactKey: Guid(74244840b37c0814f8ad187fe38f7f2f) Importer(815301076,1909f56bfc062723c751e8b465ee728b)
Start importing Assets/Tiles/tileset-sliced_34.asset using Guid(74244840b37c0814f8ad187fe38f7f2f) Importer(815301076,1909f56bfc062723c751e8b465ee728b)  -> (artifact id: 'c819f1f72fe10072b8f5c6dd23012649') in 0.045629 seconds
  Import took 0.049258 seconds .

========================================================================
Received Import Request.
  Time since last request: 0.000206 seconds.
  path: Assets/Tiles/tileset-sliced_25.asset
  artifactKey: Guid(4458371e5fc830349ac498586a39b364) Importer(815301076,1909f56bfc062723c751e8b465ee728b)
Start importing Assets/Tiles/tileset-sliced_25.asset using Guid(4458371e5fc830349ac498586a39b364) Importer(815301076,1909f56bfc062723c751e8b465ee728b)  -> (artifact id: 'bd0eba67ff57d7405ed1d7bd96cc2bc9') in 0.050171 seconds
  Import took 0.053488 seconds .

========================================================================
Received Import Request.
  Time since last request: 50.619672 seconds.
  path: Assets/Font/ThaleahFat_TTF SDF.asset
  artifactKey: Guid(616f5e0c0ad4807469b73a22fa0055e2) Importer(815301076,1909f56bfc062723c751e8b465ee728b)
Start importing Assets/Font/ThaleahFat_TTF SDF.asset using Guid(616f5e0c0ad4807469b73a22fa0055e2) Importer(815301076,1909f56bfc062723c751e8b465ee728b)  -> (artifact id: '06eb268c5b03969a49bba58326ea69da') in 0.304956 seconds
  Import took 0.321179 seconds .

========================================================================
Received Import Request.
  Time since last request: 0.917610 seconds.
  path: Assets/Logo/WinterFox_Logo.png
  artifactKey: Guid(2664948e1b1444246ab28ad4ab47f450) Importer(815301076,1909f56bfc062723c751e8b465ee728b)
Start importing Assets/Logo/WinterFox_Logo.png using Guid(2664948e1b1444246ab28ad4ab47f450) Importer(815301076,1909f56bfc062723c751e8b465ee728b)  -> (artifact id: 'eda3e3a1edeb4f08d4f6cd0646dac6f2') in 0.044704 seconds
  Import took 0.048721 seconds .

========================================================================
Received Import Request.
  Time since last request: 3.270373 seconds.
  path: Assets/Scenes/Menu.unity
  artifactKey: Guid(cf50797c22c74fc439fcc259ce3adebe) Importer(815301076,1909f56bfc062723c751e8b465ee728b)
Start importing Assets/Scenes/Menu.unity using Guid(cf50797c22c74fc439fcc259ce3adebe) Importer(815301076,1909f56bfc062723c751e8b465ee728b)  -> (artifact id: '711a2d89a136275482e2aeaaaef3edc4') in 0.195763 seconds
  Import took 0.234118 seconds .

========================================================================
Received Import Request.
  Time since last request: 8.919652 seconds.
  path: Assets/Scenes/CompletedTheGame.unity
  artifactKey: Guid(3bc78425a4af79d44897c174d62178fb) Importer(815301076,1909f56bfc062723c751e8b465ee728b)
Start importing Assets/Scenes/CompletedTheGame.unity using Guid(3bc78425a4af79d44897c174d62178fb) Importer(815301076,1909f56bfc062723c751e8b465ee728b)  -> (artifact id: '924898354c0f1764b1a9c29c58e132af') in 0.013458 seconds
  Import took 0.018173 seconds .

========================================================================
Received Import Request.
  Time since last request: 7.907848 seconds.
  path: Assets/Menus/Background.jpg
  artifactKey: Guid(8a6c4a3dcee539548821fa512ca395d8) Importer(815301076,1909f56bfc062723c751e8b465ee728b)
Start importing Assets/Menus/Background.jpg using Guid(8a6c4a3dcee539548821fa512ca395d8) Importer(815301076,1909f56bfc062723c751e8b465ee728b)  -> (artifact id: '32e50abfbb316909551cd1eb3d736724') in 0.168967 seconds
  Import took 0.172548 seconds .

========================================================================
Received Import Request.
  Time since last request: 0.000351 seconds.
  path: Assets/Menus/Menu Color.asset
  artifactKey: Guid(c687750645b2c174a9a30ee5d7bff1e8) Importer(815301076,1909f56bfc062723c751e8b465ee728b)
Start importing Assets/Menus/Menu Color.asset using Guid(c687750645b2c174a9a30ee5d7bff1e8) Importer(815301076,1909f56bfc062723c751e8b465ee728b)  -> (artifact id: '4d8c33280649e1493ef2688f607ac88c') in 0.012407 seconds
  Import took 0.017073 seconds .

========================================================================
Received Import Request.
  Time since last request: 0.000316 seconds.
  path: Assets/Menus/MusicMixer.mixer
  artifactKey: Guid(5a9c32f10e40b4746af5fb64a97124b3) Importer(815301076,1909f56bfc062723c751e8b465ee728b)
Start importing Assets/Menus/MusicMixer.mixer using Guid(5a9c32f10e40b4746af5fb64a97124b3) Importer(815301076,1909f56bfc062723c751e8b465ee728b)  -> (artifact id: '2dcb70241c66744306b207fa1132d8f5') in 0.030235 seconds
  Import took 0.034095 seconds .

========================================================================
Received Import Request.
  Time since last request: 0.000255 seconds.
  path: Assets/Menus/MainMixer.mixer
  artifactKey: Guid(09a97285e228f624a877def2c2c17432) Importer(815301076,1909f56bfc062723c751e8b465ee728b)
Start importing Assets/Menus/MainMixer.mixer using Guid(09a97285e228f624a877def2c2c17432) Importer(815301076,1909f56bfc062723c751e8b465ee728b)  -> (artifact id: '79eb511dc864a817da866a26c66ee697') in 0.012210 seconds
  Import took 0.016096 seconds .

========================================================================
Received Import Request.
  Time since last request: 0.000656 seconds.
  path: Assets/Menus/MusicMixer.mixer
  artifactKey: Guid(5a9c32f10e40b4746af5fb64a97124b3) Importer(815301076,1909f56bfc062723c751e8b465ee728b)
Start importing Assets/Menus/MusicMixer.mixer using Guid(5a9c32f10e40b4746af5fb64a97124b3) Importer(815301076,1909f56bfc062723c751e8b465ee728b)  -> (artifact id: '2dcb70241c66744306b207fa1132d8f5') in 0.007206 seconds
  Import took 0.014748 seconds .

========================================================================
Received Import Request.
  Time since last request: 7.380332 seconds.
  path: Assets/Sunnyland/artwork
  artifactKey: Guid(2f17d1e6a207e4d8eb72bd03b1b645ac) Importer(815301076,1909f56bfc062723c751e8b465ee728b)
Start importing Assets/Sunnyland/artwork using Guid(2f17d1e6a207e4d8eb72bd03b1b645ac) Importer(815301076,1909f56bfc062723c751e8b465ee728b)  -> (artifact id: '29476d1aaad30edb6fb88eb5980d57ff') in 0.102817 seconds
  Import took 0.106927 seconds .

========================================================================
Received Import Request.
  Time since last request: 0.563006 seconds.
  path: Assets/Sunnyland/artwork/Environment
  artifactKey: Guid(7174750bdca91466fa784bba50da49b4) Importer(815301076,1909f56bfc062723c751e8b465ee728b)
Start importing Assets/Sunnyland/artwork/Environment using Guid(7174750bdca91466fa784bba50da49b4) Importer(815301076,1909f56bfc062723c751e8b465ee728b)  -> (artifact id: '5c9d4cb653c11954c8a934c4b5b4a9fb') in 0.011668 seconds
  Import took 0.016774 seconds .

========================================================================
Received Import Request.
  Time since last request: 0.074535 seconds.
  path: Assets/Sunnyland/artwork/Environment/back.png
  artifactKey: Guid(8e160a2a620644cd6afef9119dad1093) Importer(815301076,1909f56bfc062723c751e8b465ee728b)
Start importing Assets/Sunnyland/artwork/Environment/back.png using Guid(8e160a2a620644cd6afef9119dad1093) Importer(815301076,1909f56bfc062723c751e8b465ee728b)  -> (artifact id: 'e930c10a4b33c280e0b75952bfbc9e11') in 0.551925 seconds
  Import took 0.575165 seconds .

========================================================================
Received Import Request.
  Time since last request: 0.000261 seconds.
  path: Assets/Sunnyland/artwork/Environment/Skybox.mat
  artifactKey: Guid(67958f0fc4bbbec4386cf60523c7aae7) Importer(815301076,1909f56bfc062723c751e8b465ee728b)
Start importing Assets/Sunnyland/artwork/Environment/Skybox.mat using Guid(67958f0fc4bbbec4386cf60523c7aae7) Importer(815301076,1909f56bfc062723c751e8b465ee728b)  -> (artifact id: 'a53ef39dd582f75e886e06ffa82d9fa5') in 0.044944 seconds
  Import took 0.048174 seconds .

========================================================================
Received Import Request.
  Time since last request: 0.000228 seconds.
  path: Assets/Sunnyland/artwork/Environment/tileset-sliced.png
  artifactKey: Guid(261212b977f594d5dbc48631a5c1295c) Importer(815301076,1909f56bfc062723c751e8b465ee728b)
Start importing Assets/Sunnyland/artwork/Environment/tileset-sliced.png using Guid(261212b977f594d5dbc48631a5c1295c) Importer(815301076,1909f56bfc062723c751e8b465ee728b)  -> (artifact id: '5067b131bab383061c4c78c5d79461db') in 0.270886 seconds
  Import took 0.276805 seconds .

========================================================================
Received Import Request.
  Time since last request: 0.000226 seconds.
  path: Assets/Sunnyland/artwork/Environment/props/tree.png
  artifactKey: Guid(f7187675ec12e4aacaeb0e97ad31230a) Importer(815301076,1909f56bfc062723c751e8b465ee728b)
Start importing Assets/Sunnyland/artwork/Environment/props/tree.png using Guid(f7187675ec12e4aacaeb0e97ad31230a) Importer(815301076,1909f56bfc062723c751e8b465ee728b)  -> (artifact id: '5f28c3f6bd89f182ed29fb7632bbfa28') in 0.071839 seconds
  Import took 0.102448 seconds .

========================================================================
Received Import Request.
  Time since last request: 0.000409 seconds.
  path: Assets/Sunnyland/artwork/Environment/props/sign.png
  artifactKey: Guid(42820af2772f24bda991ed7de294c2fd) Importer(815301076,1909f56bfc062723c751e8b465ee728b)
Start importing Assets/Sunnyland/artwork/Environment/props/sign.png using Guid(42820af2772f24bda991ed7de294c2fd) Importer(815301076,1909f56bfc062723c751e8b465ee728b)  -> (artifact id: '09e3d605a398e80f2b1de2ec408e2c57') in 0.025899 seconds
  Import took 0.046543 seconds .

========================================================================
Received Import Request.
  Time since last request: 0.000201 seconds.
  path: Assets/Sunnyland/artwork/Environment/props/shrooms.png
  artifactKey: Guid(f106f73fc33df4c4d9a3e8a5cb54db28) Importer(815301076,1909f56bfc062723c751e8b465ee728b)
Start importing Assets/Sunnyland/artwork/Environment/props/shrooms.png using Guid(f106f73fc33df4c4d9a3e8a5cb54db28) Importer(815301076,1909f56bfc062723c751e8b465ee728b)  -> (artifact id: 'f1b815e6bb676b6b723cbf332ac2274b') in 0.016193 seconds
  Import took 0.020244 seconds .

========================================================================
Received Import Request.
  Time since last request: 0.000226 seconds.
  path: Assets/Sunnyland/artwork/Environment/props/skulls.png
  artifactKey: Guid(a86fabb3151544d25b4310ff397f732a) Importer(815301076,1909f56bfc062723c751e8b465ee728b)
Start importing Assets/Sunnyland/artwork/Environment/props/skulls.png using Guid(a86fabb3151544d25b4310ff397f732a) Importer(815301076,1909f56bfc062723c751e8b465ee728b)  -> (artifact id: 'eac975740dbe0a882b710a2b12528187') in 0.084034 seconds
  Import took 0.088315 seconds .

========================================================================
Received Import Request.
  Time since last request: 0.000212 seconds.
  path: Assets/Sunnyland/artwork/Environment/props/house.png
  artifactKey: Guid(52422ada2db954026a3ae1f1ba6b4486) Importer(815301076,1909f56bfc062723c751e8b465ee728b)
Start importing Assets/Sunnyland/artwork/Environment/props/house.png using Guid(52422ada2db954026a3ae1f1ba6b4486) Importer(815301076,1909f56bfc062723c751e8b465ee728b)  -> (artifact id: '5526453113297575ae5290d02335bd86') in 0.031892 seconds
  Import took 0.036540 seconds .

========================================================================
Received Import Request.
  Time since last request: 0.000229 seconds.
  path: Assets/Sunnyland/artwork/Environment/props/rock.png
  artifactKey: Guid(3604a08945c65491a9ffb90ad9a8ff57) Importer(815301076,1909f56bfc062723c751e8b465ee728b)
Start importing Assets/Sunnyland/artwork/Environment/props/rock.png using Guid(3604a08945c65491a9ffb90ad9a8ff57) Importer(815301076,1909f56bfc062723c751e8b465ee728b)  -> (artifact id: '18e626bba4d5e20c0a3fb8b098287f7d') in 0.019045 seconds
  Import took 0.023295 seconds .

========================================================================
Received Import Request.
  Time since last request: 0.000230 seconds.
  path: Assets/Sunnyland/artwork/Environment/props
  artifactKey: Guid(15e7312e0607f4e84aeacdc44a70744c) Importer(815301076,1909f56bfc062723c751e8b465ee728b)
Start importing Assets/Sunnyland/artwork/Environment/props using Guid(15e7312e0607f4e84aeacdc44a70744c) Importer(815301076,1909f56bfc062723c751e8b465ee728b)  -> (artifact id: '6beb10b361701c642f655b650c6c9278') in 0.024260 seconds
  Import took 0.042077 seconds .

========================================================================
Received Import Request.
  Time since last request: 0.000255 seconds.
  path: Assets/Sunnyland/artwork/Environment/props/spikes.png
  artifactKey: Guid(0049772a1acaf4a49b69bb504ffe2669) Importer(815301076,1909f56bfc062723c751e8b465ee728b)
Start importing Assets/Sunnyland/artwork/Environment/props/spikes.png using Guid(0049772a1acaf4a49b69bb504ffe2669) Importer(815301076,1909f56bfc062723c751e8b465ee728b)  -> (artifact id: 'f843669a30bc5fa9f40bc17e2d475eb1') in 0.067985 seconds
  Import took 0.072710 seconds .

========================================================================
Received Import Request.
  Time since last request: 0.000257 seconds.
  path: Assets/Sunnyland/artwork/Environment/props/bush.png
  artifactKey: Guid(ecc204495234d40f091d828790c56287) Importer(815301076,1909f56bfc062723c751e8b465ee728b)
Start importing Assets/Sunnyland/artwork/Environment/props/bush.png using Guid(ecc204495234d40f091d828790c56287) Importer(815301076,1909f56bfc062723c751e8b465ee728b)  -> (artifact id: '4b0622f207b1a2ef91950ca63f7c8f53') in 0.023027 seconds
  Import took 0.029045 seconds .

========================================================================
Received Import Request.
  Time since last request: 0.000298 seconds.
  path: Assets/Sunnyland/artwork/Environment/tileset.png
  artifactKey: Guid(3b66e1a27c9634fe9a4746c47eeda7cc) Importer(815301076,1909f56bfc062723c751e8b465ee728b)
Start importing Assets/Sunnyland/artwork/Environment/tileset.png using Guid(3b66e1a27c9634fe9a4746c47eeda7cc) Importer(815301076,1909f56bfc062723c751e8b465ee728b)  -> (artifact id: 'd3a94f61ff73917ed93b3c671fa0cede') in 0.055498 seconds
  Import took 0.060436 seconds .

========================================================================
Received Import Request.
  Time since last request: 0.000215 seconds.
  path: Assets/Sunnyland/artwork/Environment/props/bush.png
  artifactKey: Guid(ecc204495234d40f091d828790c56287) Importer(815301076,1909f56bfc062723c751e8b465ee728b)
Start importing Assets/Sunnyland/artwork/Environment/props/bush.png using Guid(ecc204495234d40f091d828790c56287) Importer(815301076,1909f56bfc062723c751e8b465ee728b)  -> (artifact id: '4b0622f207b1a2ef91950ca63f7c8f53') in 0.020861 seconds
  Import took 0.026416 seconds .

========================================================================
Received Import Request.
  Time since last request: 16.056039 seconds.
  path: Assets/Scripts/MainMenu.cs
  artifactKey: Guid(73c67da9431863f46ba5a457d385ec81) Importer(815301076,1909f56bfc062723c751e8b465ee728b)
Start importing Assets/Scripts/MainMenu.cs using Guid(73c67da9431863f46ba5a457d385ec81) Importer(815301076,1909f56bfc062723c751e8b465ee728b)  -> (artifact id: '45b7e76adea0d6eba52af71caafc11b0') in 0.015891 seconds
  Import took 0.023667 seconds .

========================================================================
Received Import Request.
  Time since last request: 0.002260 seconds.
  path: Assets/Scripts/MainMenu.cs
  artifactKey: Guid(73c67da9431863f46ba5a457d385ec81) Importer(815301076,1909f56bfc062723c751e8b465ee728b)
Start importing Assets/Scripts/MainMenu.cs using Guid(73c67da9431863f46ba5a457d385ec81) Importer(815301076,1909f56bfc062723c751e8b465ee728b)  -> (artifact id: '45b7e76adea0d6eba52af71caafc11b0') in 0.006705 seconds
  Import took 0.012279 seconds .

========================================================================
Received Import Request.
  Time since last request: 51.435139 seconds.
  path: Assets/Sunnyland/artwork/Sprites
  artifactKey: Guid(b6238935cfd4648cf866141c0ee28c85) Importer(815301076,1909f56bfc062723c751e8b465ee728b)
Start importing Assets/Sunnyland/artwork/Sprites using Guid(b6238935cfd4648cf866141c0ee28c85) Importer(815301076,1909f56bfc062723c751e8b465ee728b)  -> (artifact id: 'e7223cd8b146fd779a4fadd5a77b6500') in 0.358704 seconds
  Import took 0.660200 seconds .

========================================================================
Received Import Request.
  Time since last request: 1.538237 seconds.
  path: Assets/Sunnyland/artwork/Sprites/Fx
  artifactKey: Guid(879348f5081814f15b74a637aff1805d) Importer(815301076,1909f56bfc062723c751e8b465ee728b)
Start importing Assets/Sunnyland/artwork/Sprites/Fx using Guid(879348f5081814f15b74a637aff1805d) Importer(815301076,1909f56bfc062723c751e8b465ee728b)  -> (artifact id: 'b717f03b75ea148bb7110365e70151a8') in 0.088210 seconds
  Import took 0.096038 seconds .

========================================================================
Received Import Request.
  Time since last request: 0.751665 seconds.
  path: Assets/Sunnyland/artwork/Sprites/Fx/item-feedback
  artifactKey: Guid(9fecb65d474b940b6b703bf0b815d5e0) Importer(815301076,1909f56bfc062723c751e8b465ee728b)
Start importing Assets/Sunnyland/artwork/Sprites/Fx/item-feedback using Guid(9fecb65d474b940b6b703bf0b815d5e0) Importer(815301076,1909f56bfc062723c751e8b465ee728b)  -> (artifact id: '94c6166f5e2addb803c4abbf931649a4') in 0.010948 seconds
  Import took 0.016156 seconds .

========================================================================
Received Import Request.
  Time since last request: 0.037943 seconds.
  path: Assets/Sunnyland/artwork/Sprites/Fx/item-feedback/item-feedback-1.png
  artifactKey: Guid(1a4497d8531b845f185bb7742441138d) Importer(815301076,1909f56bfc062723c751e8b465ee728b)
Start importing Assets/Sunnyland/artwork/Sprites/Fx/item-feedback/item-feedback-1.png using Guid(1a4497d8531b845f185bb7742441138d) Importer(815301076,1909f56bfc062723c751e8b465ee728b)  -> (artifact id: 'd9d5d630ffa454bd871807e2efd0d816') in 0.035775 seconds
  Import took 0.040529 seconds .

========================================================================
Received Import Request.
  Time since last request: 0.000202 seconds.
  path: Assets/Sunnyland/artwork/Sprites/Fx/item-feedback/item-feedback-4.png
  artifactKey: Guid(d1c3b6a233b524474899f14a81d5c3b5) Importer(815301076,1909f56bfc062723c751e8b465ee728b)
Start importing Assets/Sunnyland/artwork/Sprites/Fx/item-feedback/item-feedback-4.png using Guid(d1c3b6a233b524474899f14a81d5c3b5) Importer(815301076,1909f56bfc062723c751e8b465ee728b)  -> (artifact id: '79f4c34132e7e7d8cab9a19d1e5e5648') in 0.025281 seconds
  Import took 0.030329 seconds .

========================================================================
Received Import Request.
  Time since last request: 0.000327 seconds.
  path: Assets/Sunnyland/artwork/Sprites/Fx/item-feedback/item-feedback-3.png
  artifactKey: Guid(857b27bf305c140dab35e3de694fcfbc) Importer(815301076,1909f56bfc062723c751e8b465ee728b)
Start importing Assets/Sunnyland/artwork/Sprites/Fx/item-feedback/item-feedback-3.png using Guid(857b27bf305c140dab35e3de694fcfbc) Importer(815301076,1909f56bfc062723c751e8b465ee728b)  -> (artifact id: 'cb2758db268860e001df19c354517053') in 0.024470 seconds
  Import took 0.029249 seconds .

========================================================================
Received Import Request.
  Time since last request: 0.000693 seconds.
  path: Assets/Sunnyland/artwork/Sprites/Fx/item-feedback/item-feedback-5.png
  artifactKey: Guid(e6be354467ed55043ba41f2541a77573) Importer(815301076,1909f56bfc062723c751e8b465ee728b)
Start importing Assets/Sunnyland/artwork/Sprites/Fx/item-feedback/item-feedback-5.png using Guid(e6be354467ed55043ba41f2541a77573) Importer(815301076,1909f56bfc062723c751e8b465ee728b)  -> (artifact id: '80ffe2ed1ff0728de14e0a59cb2a0f50') in 0.053824 seconds
  Import took 0.057796 seconds .

========================================================================
Received Import Request.
  Time since last request: 0.000195 seconds.
  path: Assets/Sunnyland/artwork/Sprites/Fx/item-feedback/item-feedback-2.png
  artifactKey: Guid(d01b0b4f13e044d0c83c424e542ddcbf) Importer(815301076,1909f56bfc062723c751e8b465ee728b)
Start importing Assets/Sunnyland/artwork/Sprites/Fx/item-feedback/item-feedback-2.png using Guid(d01b0b4f13e044d0c83c424e542ddcbf) Importer(815301076,1909f56bfc062723c751e8b465ee728b)  -> (artifact id: '3cd9dc6ffa8cc0bf736503aa13fd166d') in 0.020934 seconds
  Import took 0.025664 seconds .

========================================================================
Received Import Request.
  Time since last request: 1.841003 seconds.
  path: Assets/Sunnyland/artwork/Sprites/player
  artifactKey: Guid(c38f07c49aff74810b5ee46bc2a90197) Importer(815301076,1909f56bfc062723c751e8b465ee728b)
Start importing Assets/Sunnyland/artwork/Sprites/player using Guid(c38f07c49aff74810b5ee46bc2a90197) Importer(815301076,1909f56bfc062723c751e8b465ee728b)  -> (artifact id: '5ce5c061912ea5d41dcc099298d395b1') in 0.012584 seconds
  Import took 0.017469 seconds .

========================================================================
Received Import Request.
  Time since last request: 1.323954 seconds.
  path: Assets/Sunnyland/artwork/Sprites/player/crouch
  artifactKey: Guid(4c9ebeabb610844eb88fb92140ac4cb7) Importer(815301076,1909f56bfc062723c751e8b465ee728b)
Start importing Assets/Sunnyland/artwork/Sprites/player/crouch using Guid(4c9ebeabb610844eb88fb92140ac4cb7) Importer(815301076,1909f56bfc062723c751e8b465ee728b)  -> (artifact id: 'f6c9a938a644bc157d24f15afbedfe16') in 0.012822 seconds
  Import took 0.017433 seconds .

========================================================================
Received Import Request.
  Time since last request: 0.056712 seconds.
  path: Assets/Sunnyland/artwork/Sprites/player/crouch/player-crouch-1.png
  artifactKey: Guid(9878b6f1290ef41e88b30f08f68537fd) Importer(815301076,1909f56bfc062723c751e8b465ee728b)
Start importing Assets/Sunnyland/artwork/Sprites/player/crouch/player-crouch-1.png using Guid(9878b6f1290ef41e88b30f08f68537fd) Importer(815301076,1909f56bfc062723c751e8b465ee728b)  -> (artifact id: 'e44d516c6d275833a48788717d0d852d') in 0.091166 seconds
  Import took 0.096675 seconds .

========================================================================
Received Import Request.
  Time since last request: 0.000450 seconds.
  path: Assets/Sunnyland/artwork/Sprites/player/crouch/player-crouch-2.png
  artifactKey: Guid(448d57c5e4c694686badaba281a6adff) Importer(815301076,1909f56bfc062723c751e8b465ee728b)
Start importing Assets/Sunnyland/artwork/Sprites/player/crouch/player-crouch-2.png using Guid(448d57c5e4c694686badaba281a6adff) Importer(815301076,1909f56bfc062723c751e8b465ee728b)  -> (artifact id: '5912f120b238c3781a80f57a93748609') in 0.042805 seconds
  Import took 0.057406 seconds .

========================================================================
Received Prepare
Registering precompiled user dll's ...
Registered in 0.001687 seconds.
Begin MonoManager ReloadAssembly
Native extension for WindowsStandalone target not found
Refreshing native plugins compatible for Editor in 0.43 ms, found 1 plugins.
Preloading 0 native plugins for Editor in 0.00 ms.
Mono: successfully reloaded assembly
- Completed reload, in  1.625 seconds
Platform modules already initialized, skipping
Refreshing native plugins compatible for Editor in 0.39 ms, found 1 plugins.
Preloading 0 native plugins for Editor in 0.00 ms.
Unloading 1956 Unused Serialized files (Serialized files now loaded: 0)
System memory in use before: 94.2 MB.
System memory in use after: 94.3 MB.

Unloading 9 unused Assets to reduce memory usage. Loaded Objects now: 2510.
Total: 3.553800 ms (FindLiveObjects: 0.563000 ms CreateObjectMapping: 0.694800 ms MarkObjects: 2.275900 ms  DeleteObjects: 0.018300 ms)

AssetImportWorkerClient::OnTransportError - code=2 error=End of file
